<?xml version="1.0" encoding="UTF-8"?>
<testsuite xmlns:xsi="http://www.w3.org/2001/XMLSchema-instance" xsi:noNamespaceSchemaLocation="https://maven.apache.org/surefire/maven-surefire-plugin/xsd/surefire-test-report.xsd" version="3.0.2" name="cresterida.LambdaHandlerTest" time="9.699" tests="1" errors="0" skipped="0" failures="0">
  <properties>
    <property name="java.specification.version" value="23"/>
    <property name="sun.jnu.encoding" value="UTF-8"/>
    <property name="test.url" value="http://localhost:8081"/>
    <property name="java.class.path" value="/mydata/codes/2025/lambda-quarkus-native/target/test-classes:/mydata/codes/2025/lambda-quarkus-native/target/classes:/home/kiquetal/.m2/repository/io/quarkus/quarkus-amazon-lambda/3.19.3/quarkus-amazon-lambda-3.19.3.jar:/home/kiquetal/.m2/repository/io/quarkus/quarkus-amazon-lambda-common/3.19.3/quarkus-amazon-lambda-common-3.19.3.jar:/home/kiquetal/.m2/repository/com/amazonaws/aws-lambda-java-core/1.2.3/aws-lambda-java-core-1.2.3.jar:/home/kiquetal/.m2/repository/com/amazonaws/aws-lambda-java-events/3.14.0/aws-lambda-java-events-3.14.0.jar:/home/kiquetal/.m2/repository/io/quarkus/quarkus-arc/3.19.3/quarkus-arc-3.19.3.jar:/home/kiquetal/.m2/repository/io/quarkus/arc/arc/3.19.3/arc-3.19.3.jar:/home/kiquetal/.m2/repository/jakarta/transaction/jakarta.transaction-api/2.0.1/jakarta.transaction-api-2.0.1.jar:/home/kiquetal/.m2/repository/io/smallrye/reactive/mutiny/2.8.0/mutiny-2.8.0.jar:/home/kiquetal/.m2/repository/org/jctools/jctools-core/4.0.5/jctools-core-4.0.5.jar:/home/kiquetal/.m2/repository/org/eclipse/microprofile/context-propagation/microprofile-context-propagation-api/1.3/microprofile-context-propagation-api-1.3.jar:/home/kiquetal/.m2/repository/io/quarkus/quarkus-jackson/3.19.3/quarkus-jackson-3.19.3.jar:/home/kiquetal/.m2/repository/com/fasterxml/jackson/core/jackson-databind/2.18.2/jackson-databind-2.18.2.jar:/home/kiquetal/.m2/repository/com/fasterxml/jackson/datatype/jackson-datatype-jsr310/2.18.2/jackson-datatype-jsr310-2.18.2.jar:/home/kiquetal/.m2/repository/com/fasterxml/jackson/datatype/jackson-datatype-jdk8/2.18.2/jackson-datatype-jdk8-2.18.2.jar:/home/kiquetal/.m2/repository/com/fasterxml/jackson/module/jackson-module-parameter-names/2.18.2/jackson-module-parameter-names-2.18.2.jar:/home/kiquetal/.m2/repository/com/fasterxml/jackson/datatype/jackson-datatype-joda/2.18.2/jackson-datatype-joda-2.18.2.jar:/home/kiquetal/.m2/repository/com/fasterxml/jackson/core/jackson-annotations/2.18.2/jackson-annotations-2.18.2.jar:/home/kiquetal/.m2/repository/com/fasterxml/jackson/core/jackson-core/2.18.2/jackson-core-2.18.2.jar:/home/kiquetal/.m2/repository/joda-time/joda-time/2.12.7/joda-time-2.12.7.jar:/home/kiquetal/.m2/repository/io/rest-assured/rest-assured/5.5.1/rest-assured-5.5.1.jar:/home/kiquetal/.m2/repository/org/apache/groovy/groovy/4.0.22/groovy-4.0.22.jar:/home/kiquetal/.m2/repository/org/apache/groovy/groovy-xml/4.0.22/groovy-xml-4.0.22.jar:/home/kiquetal/.m2/repository/org/apache/httpcomponents/httpclient/4.5.14/httpclient-4.5.14.jar:/home/kiquetal/.m2/repository/org/apache/httpcomponents/httpcore/4.4.16/httpcore-4.4.16.jar:/home/kiquetal/.m2/repository/commons-codec/commons-codec/1.18.0/commons-codec-1.18.0.jar:/home/kiquetal/.m2/repository/org/apache/httpcomponents/httpmime/4.5.14/httpmime-4.5.14.jar:/home/kiquetal/.m2/repository/org/hamcrest/hamcrest/2.2/hamcrest-2.2.jar:/home/kiquetal/.m2/repository/org/ccil/cowan/tagsoup/tagsoup/1.2.1/tagsoup-1.2.1.jar:/home/kiquetal/.m2/repository/io/rest-assured/json-path/5.5.1/json-path-5.5.1.jar:/home/kiquetal/.m2/repository/org/apache/groovy/groovy-json/4.0.22/groovy-json-4.0.22.jar:/home/kiquetal/.m2/repository/io/rest-assured/rest-assured-common/5.5.1/rest-assured-common-5.5.1.jar:/home/kiquetal/.m2/repository/io/rest-assured/xml-path/5.5.1/xml-path-5.5.1.jar:/home/kiquetal/.m2/repository/org/apache/commons/commons-lang3/3.17.0/commons-lang3-3.17.0.jar:/home/kiquetal/.m2/repository/io/quarkus/quarkus-junit5/3.19.3/quarkus-junit5-3.19.3.jar:/home/kiquetal/.m2/repository/io/quarkus/quarkus-bootstrap-core/3.19.3/quarkus-bootstrap-core-3.19.3.jar:/home/kiquetal/.m2/repository/io/quarkus/quarkus-classloader-commons/3.19.3/quarkus-classloader-commons-3.19.3.jar:/home/kiquetal/.m2/repository/io/quarkus/quarkus-bootstrap-app-model/3.19.3/quarkus-bootstrap-app-model-3.19.3.jar:/home/kiquetal/.m2/repository/io/smallrye/common/smallrye-common-io/2.10.0/smallrye-common-io-2.10.0.jar:/home/kiquetal/.m2/repository/org/eclipse/sisu/org.eclipse.sisu.inject/0.9.0.M3/org.eclipse.sisu.inject-0.9.0.M3.jar:/home/kiquetal/.m2/repository/io/quarkus/quarkus-test-common/3.19.3/quarkus-test-common-3.19.3.jar:/home/kiquetal/.m2/repository/io/quarkus/quarkus-core-deployment/3.19.3/quarkus-core-deployment-3.19.3.jar:/home/kiquetal/.m2/repository/org/aesh/readline/2.6/readline-2.6.jar:/home/kiquetal/.m2/repository/org/fusesource/jansi/jansi/2.4.0/jansi-2.4.0.jar:/home/kiquetal/.m2/repository/org/aesh/aesh/2.8.2/aesh-2.8.2.jar:/home/kiquetal/.m2/repository/io/quarkus/gizmo/gizmo/1.8.0/gizmo-1.8.0.jar:/home/kiquetal/.m2/repository/org/ow2/asm/asm-util/9.7.1/asm-util-9.7.1.jar:/home/kiquetal/.m2/repository/org/ow2/asm/asm-analysis/9.7.1/asm-analysis-9.7.1.jar:/home/kiquetal/.m2/repository/org/ow2/asm/asm/9.7.1/asm-9.7.1.jar:/home/kiquetal/.m2/repository/org/ow2/asm/asm-commons/9.7.1/asm-commons-9.7.1.jar:/home/kiquetal/.m2/repository/org/ow2/asm/asm-tree/9.7.1/asm-tree-9.7.1.jar:/home/kiquetal/.m2/repository/io/quarkus/quarkus-hibernate-validator-spi/3.19.3/quarkus-hibernate-validator-spi-3.19.3.jar:/home/kiquetal/.m2/repository/io/quarkus/quarkus-class-change-agent/3.19.3/quarkus-class-change-agent-3.19.3.jar:/home/kiquetal/.m2/repository/io/quarkus/quarkus-devtools-utilities/3.19.3/quarkus-devtools-utilities-3.19.3.jar:/home/kiquetal/.m2/repository/io/quarkus/quarkus-builder/3.19.3/quarkus-builder-3.19.3.jar:/home/kiquetal/.m2/repository/org/graalvm/sdk/nativeimage/23.1.2/nativeimage-23.1.2.jar:/home/kiquetal/.m2/repository/org/graalvm/sdk/word/23.1.2/word-23.1.2.jar:/home/kiquetal/.m2/repository/org/junit/platform/junit-platform-launcher/1.10.5/junit-platform-launcher-1.10.5.jar:/home/kiquetal/.m2/repository/io/quarkus/quarkus-bootstrap-maven-resolver/3.19.3/quarkus-bootstrap-maven-resolver-3.19.3.jar:/home/kiquetal/.m2/repository/io/smallrye/beanbag/smallrye-beanbag-maven/1.5.2/smallrye-beanbag-maven-1.5.2.jar:/home/kiquetal/.m2/repository/io/smallrye/beanbag/smallrye-beanbag-sisu/1.5.2/smallrye-beanbag-sisu-1.5.2.jar:/home/kiquetal/.m2/repository/io/smallrye/beanbag/smallrye-beanbag/1.5.2/smallrye-beanbag-1.5.2.jar:/home/kiquetal/.m2/repository/javax/inject/javax.inject/1/javax.inject-1.jar:/home/kiquetal/.m2/repository/org/apache/maven/maven-artifact/3.9.9/maven-artifact-3.9.9.jar:/home/kiquetal/.m2/repository/org/apache/maven/maven-builder-support/3.9.9/maven-builder-support-3.9.9.jar:/home/kiquetal/.m2/repository/org/apache/maven/maven-model/3.9.9/maven-model-3.9.9.jar:/home/kiquetal/.m2/repository/org/apache/maven/maven-model-builder/3.9.9/maven-model-builder-3.9.9.jar:/home/kiquetal/.m2/repository/org/apache/maven/maven-repository-metadata/3.9.9/maven-repository-metadata-3.9.9.jar:/home/kiquetal/.m2/repository/org/apache/maven/maven-settings/3.9.9/maven-settings-3.9.9.jar:/home/kiquetal/.m2/repository/org/apache/maven/resolver/maven-resolver-api/1.9.22/maven-resolver-api-1.9.22.jar:/home/kiquetal/.m2/repository/org/apache/maven/resolver/maven-resolver-impl/1.9.22/maven-resolver-impl-1.9.22.jar:/home/kiquetal/.m2/repository/org/apache/maven/resolver/maven-resolver-named-locks/1.9.22/maven-resolver-named-locks-1.9.22.jar:/home/kiquetal/.m2/repository/org/apache/maven/resolver/maven-resolver-spi/1.9.22/maven-resolver-spi-1.9.22.jar:/home/kiquetal/.m2/repository/org/apache/maven/resolver/maven-resolver-util/1.9.22/maven-resolver-util-1.9.22.jar:/home/kiquetal/.m2/repository/org/apache/maven/resolver/maven-resolver-transport-http/1.9.20/maven-resolver-transport-http-1.9.20.jar:/home/kiquetal/.m2/repository/org/apache/maven/wagon/wagon-provider-api/3.5.3/wagon-provider-api-3.5.3.jar:/home/kiquetal/.m2/repository/org/apache/maven/wagon/wagon-http-shared/3.5.3/wagon-http-shared-3.5.3.jar:/home/kiquetal/.m2/repository/org/codehaus/plexus/plexus-interpolation/1.26/plexus-interpolation-1.26.jar:/home/kiquetal/.m2/repository/org/codehaus/plexus/plexus-utils/3.5.1/plexus-utils-3.5.1.jar:/home/kiquetal/.m2/repository/org/codehaus/plexus/plexus-xml/4.0.1/plexus-xml-4.0.1.jar:/home/kiquetal/.m2/repository/org/apache/maven/maven-xml-impl/4.0.0-alpha-5/maven-xml-impl-4.0.0-alpha-5.jar:/home/kiquetal/.m2/repository/org/apache/maven/maven-api-xml/4.0.0-alpha-5/maven-api-xml-4.0.0-alpha-5.jar:/home/kiquetal/.m2/repository/org/apache/maven/maven-api-meta/4.0.0-alpha-5/maven-api-meta-4.0.0-alpha-5.jar:/home/kiquetal/.m2/repository/org/codehaus/plexus/plexus-cipher/2.0/plexus-cipher-2.0.jar:/home/kiquetal/.m2/repository/org/codehaus/plexus/plexus-sec-dispatcher/2.0/plexus-sec-dispatcher-2.0.jar:/home/kiquetal/.m2/repository/org/apache/maven/maven-embedder/3.9.9/maven-embedder-3.9.9.jar:/home/kiquetal/.m2/repository/org/apache/maven/maven-core/3.9.9/maven-core-3.9.9.jar:/home/kiquetal/.m2/repository/org/codehaus/plexus/plexus-component-annotations/2.1.0/plexus-component-annotations-2.1.0.jar:/home/kiquetal/.m2/repository/org/apache/maven/maven-plugin-api/3.9.9/maven-plugin-api-3.9.9.jar:/home/kiquetal/.m2/repository/org/apache/maven/shared/maven-shared-utils/3.4.2/maven-shared-utils-3.4.2.jar:/home/kiquetal/.m2/repository/com/google/inject/guice/5.1.0/guice-5.1.0.jar:/home/kiquetal/.m2/repository/aopalliance/aopalliance/1.0/aopalliance-1.0.jar:/home/kiquetal/.m2/repository/com/google/guava/guava/33.4.0-jre/guava-33.4.0-jre.jar:/home/kiquetal/.m2/repository/com/google/guava/failureaccess/1.0.1/failureaccess-1.0.1.jar:/home/kiquetal/.m2/repository/javax/annotation/javax.annotation-api/1.3.2/javax.annotation-api-1.3.2.jar:/home/kiquetal/.m2/repository/org/codehaus/plexus/plexus-classworlds/2.6.0/plexus-classworlds-2.6.0.jar:/home/kiquetal/.m2/repository/commons-cli/commons-cli/1.8.0/commons-cli-1.8.0.jar:/home/kiquetal/.m2/repository/org/eclipse/sisu/org.eclipse.sisu.plexus/0.9.0.M3/org.eclipse.sisu.plexus-0.9.0.M3.jar:/home/kiquetal/.m2/repository/org/apache/maven/maven-settings-builder/3.9.9/maven-settings-builder-3.9.9.jar:/home/kiquetal/.m2/repository/org/apache/maven/maven-resolver-provider/3.9.9/maven-resolver-provider-3.9.9.jar:/home/kiquetal/.m2/repository/org/apache/maven/resolver/maven-resolver-connector-basic/1.9.22/maven-resolver-connector-basic-1.9.22.jar:/home/kiquetal/.m2/repository/org/apache/maven/resolver/maven-resolver-transport-wagon/1.9.22/maven-resolver-transport-wagon-1.9.22.jar:/home/kiquetal/.m2/repository/org/apache/maven/wagon/wagon-http/3.5.3/wagon-http-3.5.3.jar:/home/kiquetal/.m2/repository/org/apache/maven/wagon/wagon-file/3.5.3/wagon-file-3.5.3.jar:/home/kiquetal/.m2/repository/io/quarkus/quarkus-bootstrap-gradle-resolver/3.19.3/quarkus-bootstrap-gradle-resolver-3.19.3.jar:/home/kiquetal/.m2/repository/io/smallrye/jandex/3.2.7/jandex-3.2.7.jar:/home/kiquetal/.m2/repository/commons-io/commons-io/2.18.0/commons-io-2.18.0.jar:/home/kiquetal/.m2/repository/org/jboss/logging/commons-logging-jboss-logging/1.0.0.Final/commons-logging-jboss-logging-1.0.0.Final.jar:/home/kiquetal/.m2/repository/io/quarkus/quarkus-junit5-config/3.19.3/quarkus-junit5-config-3.19.3.jar:/home/kiquetal/.m2/repository/org/junit/jupiter/junit-jupiter-api/5.10.5/junit-jupiter-api-5.10.5.jar:/home/kiquetal/.m2/repository/org/opentest4j/opentest4j/1.3.0/opentest4j-1.3.0.jar:/home/kiquetal/.m2/repository/org/junit/platform/junit-platform-commons/1.10.5/junit-platform-commons-1.10.5.jar:/home/kiquetal/.m2/repository/org/apiguardian/apiguardian-api/1.1.2/apiguardian-api-1.1.2.jar:/home/kiquetal/.m2/repository/io/smallrye/config/smallrye-config/3.11.4/smallrye-config-3.11.4.jar:/home/kiquetal/.m2/repository/io/smallrye/config/smallrye-config-core/3.11.4/smallrye-config-core-3.11.4.jar:/home/kiquetal/.m2/repository/org/eclipse/microprofile/config/microprofile-config-api/3.1/microprofile-config-api-3.1.jar:/home/kiquetal/.m2/repository/io/smallrye/common/smallrye-common-classloader/2.10.0/smallrye-common-classloader-2.10.0.jar:/home/kiquetal/.m2/repository/io/smallrye/config/smallrye-config-common/3.11.4/smallrye-config-common-3.11.4.jar:/home/kiquetal/.m2/repository/org/junit/jupiter/junit-jupiter/5.10.5/junit-jupiter-5.10.5.jar:/home/kiquetal/.m2/repository/org/junit/jupiter/junit-jupiter-params/5.10.5/junit-jupiter-params-5.10.5.jar:/home/kiquetal/.m2/repository/org/junit/jupiter/junit-jupiter-engine/5.10.5/junit-jupiter-engine-5.10.5.jar:/home/kiquetal/.m2/repository/org/junit/platform/junit-platform-engine/1.10.5/junit-platform-engine-1.10.5.jar:/home/kiquetal/.m2/repository/io/quarkus/quarkus-core/3.19.3/quarkus-core-3.19.3.jar:/home/kiquetal/.m2/repository/jakarta/annotation/jakarta.annotation-api/3.0.0/jakarta.annotation-api-3.0.0.jar:/home/kiquetal/.m2/repository/jakarta/enterprise/jakarta.enterprise.cdi-api/4.1.0/jakarta.enterprise.cdi-api-4.1.0.jar:/home/kiquetal/.m2/repository/jakarta/enterprise/jakarta.enterprise.lang-model/4.1.0/jakarta.enterprise.lang-model-4.1.0.jar:/home/kiquetal/.m2/repository/jakarta/el/jakarta.el-api/5.0.1/jakarta.el-api-5.0.1.jar:/home/kiquetal/.m2/repository/jakarta/interceptor/jakarta.interceptor-api/2.2.0/jakarta.interceptor-api-2.2.0.jar:/home/kiquetal/.m2/repository/jakarta/inject/jakarta.inject-api/2.0.1/jakarta.inject-api-2.0.1.jar:/home/kiquetal/.m2/repository/io/smallrye/common/smallrye-common-os/2.10.0/smallrye-common-os-2.10.0.jar:/home/kiquetal/.m2/repository/io/quarkus/quarkus-ide-launcher/3.19.3/quarkus-ide-launcher-3.19.3.jar:/home/kiquetal/.m2/repository/io/quarkus/quarkus-development-mode-spi/3.19.3/quarkus-development-mode-spi-3.19.3.jar:/home/kiquetal/.m2/repository/org/jboss/logging/jboss-logging/3.6.1.Final/jboss-logging-3.6.1.Final.jar:/home/kiquetal/.m2/repository/org/jboss/logmanager/jboss-logmanager/3.1.1.Final/jboss-logmanager-3.1.1.Final.jar:/home/kiquetal/.m2/repository/io/smallrye/common/smallrye-common-constraint/2.10.0/smallrye-common-constraint-2.10.0.jar:/home/kiquetal/.m2/repository/io/smallrye/common/smallrye-common-cpu/2.10.0/smallrye-common-cpu-2.10.0.jar:/home/kiquetal/.m2/repository/io/smallrye/common/smallrye-common-expression/2.10.0/smallrye-common-expression-2.10.0.jar:/home/kiquetal/.m2/repository/io/smallrye/common/smallrye-common-net/2.10.0/smallrye-common-net-2.10.0.jar:/home/kiquetal/.m2/repository/io/smallrye/common/smallrye-common-ref/2.10.0/smallrye-common-ref-2.10.0.jar:/home/kiquetal/.m2/repository/jakarta/json/jakarta.json-api/2.1.3/jakarta.json-api-2.1.3.jar:/home/kiquetal/.m2/repository/org/eclipse/parsson/parsson/1.1.7/parsson-1.1.7.jar:/home/kiquetal/.m2/repository/org/jboss/logging/jboss-logging-annotations/3.0.4.Final/jboss-logging-annotations-3.0.4.Final.jar:/home/kiquetal/.m2/repository/org/jboss/threads/jboss-threads/3.8.0.Final/jboss-threads-3.8.0.Final.jar:/home/kiquetal/.m2/repository/io/smallrye/common/smallrye-common-annotation/2.10.0/smallrye-common-annotation-2.10.0.jar:/home/kiquetal/.m2/repository/io/smallrye/common/smallrye-common-function/2.10.0/smallrye-common-function-2.10.0.jar:/home/kiquetal/.m2/repository/org/slf4j/slf4j-api/2.0.6/slf4j-api-2.0.6.jar:/home/kiquetal/.m2/repository/org/jboss/slf4j/slf4j-jboss-logmanager/2.0.0.Final/slf4j-jboss-logmanager-2.0.0.Final.jar:/home/kiquetal/.m2/repository/org/wildfly/common/wildfly-common/2.0.1/wildfly-common-2.0.1.jar:/home/kiquetal/.m2/repository/io/quarkus/quarkus-bootstrap-runner/3.19.3/quarkus-bootstrap-runner-3.19.3.jar:/home/kiquetal/.m2/repository/io/github/crac/org-crac/0.1.3/org-crac-0.1.3.jar:/home/kiquetal/.m2/repository/io/quarkus/quarkus-fs-util/0.0.10/quarkus-fs-util-0.0.10.jar:/home/kiquetal/.m2/repository/org/jboss/marshalling/jboss-marshalling/2.2.2.Final/jboss-marshalling-2.2.2.Final.jar:"/>
    <property name="java.vm.vendor" value="GraalVM Community"/>
    <property name="sun.arch.data.model" value="64"/>
    <property name="java.vendor.url" value="https://www.graalvm.org/"/>
    <property name="user.timezone" value="America/Asuncion"/>
    <property name="logging.initial-configurator.min-level" value="500"/>
    <property name="os.name" value="Linux"/>
    <property name="java.vm.specification.version" value="23"/>
    <property name="sun.java.launcher" value="SUN_STANDARD"/>
    <property name="user.country" value="US"/>
    <property name="groovy.use.classvalue" value="false"/>
    <property name="sun.boot.library.path" value="/home/kiquetal/.sdkman/candidates/java/23.0.2-graalce/lib"/>
    <property name="sun.java.command" value="/mydata/codes/2025/lambda-quarkus-native/target/surefire/surefirebooter-20250319125350472_3.jar /mydata/codes/2025/lambda-quarkus-native/target/surefire 2025-03-19T12-53-50_350-jvmRun1 surefire-20250319125350472_1tmp surefire_0-20250319125350472_2tmp"/>
    <property name="maven.home" value="/mydata/Downloads/apache-maven-3.9.6"/>
    <property name="jdk.debug" value="release"/>
    <property name="surefire.test.class.path" value="/mydata/codes/2025/lambda-quarkus-native/target/test-classes:/mydata/codes/2025/lambda-quarkus-native/target/classes:/home/kiquetal/.m2/repository/io/quarkus/quarkus-amazon-lambda/3.19.3/quarkus-amazon-lambda-3.19.3.jar:/home/kiquetal/.m2/repository/io/quarkus/quarkus-amazon-lambda-common/3.19.3/quarkus-amazon-lambda-common-3.19.3.jar:/home/kiquetal/.m2/repository/com/amazonaws/aws-lambda-java-core/1.2.3/aws-lambda-java-core-1.2.3.jar:/home/kiquetal/.m2/repository/com/amazonaws/aws-lambda-java-events/3.14.0/aws-lambda-java-events-3.14.0.jar:/home/kiquetal/.m2/repository/io/quarkus/quarkus-arc/3.19.3/quarkus-arc-3.19.3.jar:/home/kiquetal/.m2/repository/io/quarkus/arc/arc/3.19.3/arc-3.19.3.jar:/home/kiquetal/.m2/repository/jakarta/transaction/jakarta.transaction-api/2.0.1/jakarta.transaction-api-2.0.1.jar:/home/kiquetal/.m2/repository/io/smallrye/reactive/mutiny/2.8.0/mutiny-2.8.0.jar:/home/kiquetal/.m2/repository/org/jctools/jctools-core/4.0.5/jctools-core-4.0.5.jar:/home/kiquetal/.m2/repository/org/eclipse/microprofile/context-propagation/microprofile-context-propagation-api/1.3/microprofile-context-propagation-api-1.3.jar:/home/kiquetal/.m2/repository/io/quarkus/quarkus-jackson/3.19.3/quarkus-jackson-3.19.3.jar:/home/kiquetal/.m2/repository/com/fasterxml/jackson/core/jackson-databind/2.18.2/jackson-databind-2.18.2.jar:/home/kiquetal/.m2/repository/com/fasterxml/jackson/datatype/jackson-datatype-jsr310/2.18.2/jackson-datatype-jsr310-2.18.2.jar:/home/kiquetal/.m2/repository/com/fasterxml/jackson/datatype/jackson-datatype-jdk8/2.18.2/jackson-datatype-jdk8-2.18.2.jar:/home/kiquetal/.m2/repository/com/fasterxml/jackson/module/jackson-module-parameter-names/2.18.2/jackson-module-parameter-names-2.18.2.jar:/home/kiquetal/.m2/repository/com/fasterxml/jackson/datatype/jackson-datatype-joda/2.18.2/jackson-datatype-joda-2.18.2.jar:/home/kiquetal/.m2/repository/com/fasterxml/jackson/core/jackson-annotations/2.18.2/jackson-annotations-2.18.2.jar:/home/kiquetal/.m2/repository/com/fasterxml/jackson/core/jackson-core/2.18.2/jackson-core-2.18.2.jar:/home/kiquetal/.m2/repository/joda-time/joda-time/2.12.7/joda-time-2.12.7.jar:/home/kiquetal/.m2/repository/io/rest-assured/rest-assured/5.5.1/rest-assured-5.5.1.jar:/home/kiquetal/.m2/repository/org/apache/groovy/groovy/4.0.22/groovy-4.0.22.jar:/home/kiquetal/.m2/repository/org/apache/groovy/groovy-xml/4.0.22/groovy-xml-4.0.22.jar:/home/kiquetal/.m2/repository/org/apache/httpcomponents/httpclient/4.5.14/httpclient-4.5.14.jar:/home/kiquetal/.m2/repository/org/apache/httpcomponents/httpcore/4.4.16/httpcore-4.4.16.jar:/home/kiquetal/.m2/repository/commons-codec/commons-codec/1.18.0/commons-codec-1.18.0.jar:/home/kiquetal/.m2/repository/org/apache/httpcomponents/httpmime/4.5.14/httpmime-4.5.14.jar:/home/kiquetal/.m2/repository/org/hamcrest/hamcrest/2.2/hamcrest-2.2.jar:/home/kiquetal/.m2/repository/org/ccil/cowan/tagsoup/tagsoup/1.2.1/tagsoup-1.2.1.jar:/home/kiquetal/.m2/repository/io/rest-assured/json-path/5.5.1/json-path-5.5.1.jar:/home/kiquetal/.m2/repository/org/apache/groovy/groovy-json/4.0.22/groovy-json-4.0.22.jar:/home/kiquetal/.m2/repository/io/rest-assured/rest-assured-common/5.5.1/rest-assured-common-5.5.1.jar:/home/kiquetal/.m2/repository/io/rest-assured/xml-path/5.5.1/xml-path-5.5.1.jar:/home/kiquetal/.m2/repository/org/apache/commons/commons-lang3/3.17.0/commons-lang3-3.17.0.jar:/home/kiquetal/.m2/repository/io/quarkus/quarkus-junit5/3.19.3/quarkus-junit5-3.19.3.jar:/home/kiquetal/.m2/repository/io/quarkus/quarkus-bootstrap-core/3.19.3/quarkus-bootstrap-core-3.19.3.jar:/home/kiquetal/.m2/repository/io/quarkus/quarkus-classloader-commons/3.19.3/quarkus-classloader-commons-3.19.3.jar:/home/kiquetal/.m2/repository/io/quarkus/quarkus-bootstrap-app-model/3.19.3/quarkus-bootstrap-app-model-3.19.3.jar:/home/kiquetal/.m2/repository/io/smallrye/common/smallrye-common-io/2.10.0/smallrye-common-io-2.10.0.jar:/home/kiquetal/.m2/repository/org/eclipse/sisu/org.eclipse.sisu.inject/0.9.0.M3/org.eclipse.sisu.inject-0.9.0.M3.jar:/home/kiquetal/.m2/repository/io/quarkus/quarkus-test-common/3.19.3/quarkus-test-common-3.19.3.jar:/home/kiquetal/.m2/repository/io/quarkus/quarkus-core-deployment/3.19.3/quarkus-core-deployment-3.19.3.jar:/home/kiquetal/.m2/repository/org/aesh/readline/2.6/readline-2.6.jar:/home/kiquetal/.m2/repository/org/fusesource/jansi/jansi/2.4.0/jansi-2.4.0.jar:/home/kiquetal/.m2/repository/org/aesh/aesh/2.8.2/aesh-2.8.2.jar:/home/kiquetal/.m2/repository/io/quarkus/gizmo/gizmo/1.8.0/gizmo-1.8.0.jar:/home/kiquetal/.m2/repository/org/ow2/asm/asm-util/9.7.1/asm-util-9.7.1.jar:/home/kiquetal/.m2/repository/org/ow2/asm/asm-analysis/9.7.1/asm-analysis-9.7.1.jar:/home/kiquetal/.m2/repository/org/ow2/asm/asm/9.7.1/asm-9.7.1.jar:/home/kiquetal/.m2/repository/org/ow2/asm/asm-commons/9.7.1/asm-commons-9.7.1.jar:/home/kiquetal/.m2/repository/org/ow2/asm/asm-tree/9.7.1/asm-tree-9.7.1.jar:/home/kiquetal/.m2/repository/io/quarkus/quarkus-hibernate-validator-spi/3.19.3/quarkus-hibernate-validator-spi-3.19.3.jar:/home/kiquetal/.m2/repository/io/quarkus/quarkus-class-change-agent/3.19.3/quarkus-class-change-agent-3.19.3.jar:/home/kiquetal/.m2/repository/io/quarkus/quarkus-devtools-utilities/3.19.3/quarkus-devtools-utilities-3.19.3.jar:/home/kiquetal/.m2/repository/io/quarkus/quarkus-builder/3.19.3/quarkus-builder-3.19.3.jar:/home/kiquetal/.m2/repository/org/graalvm/sdk/nativeimage/23.1.2/nativeimage-23.1.2.jar:/home/kiquetal/.m2/repository/org/graalvm/sdk/word/23.1.2/word-23.1.2.jar:/home/kiquetal/.m2/repository/org/junit/platform/junit-platform-launcher/1.10.5/junit-platform-launcher-1.10.5.jar:/home/kiquetal/.m2/repository/io/quarkus/quarkus-bootstrap-maven-resolver/3.19.3/quarkus-bootstrap-maven-resolver-3.19.3.jar:/home/kiquetal/.m2/repository/io/smallrye/beanbag/smallrye-beanbag-maven/1.5.2/smallrye-beanbag-maven-1.5.2.jar:/home/kiquetal/.m2/repository/io/smallrye/beanbag/smallrye-beanbag-sisu/1.5.2/smallrye-beanbag-sisu-1.5.2.jar:/home/kiquetal/.m2/repository/io/smallrye/beanbag/smallrye-beanbag/1.5.2/smallrye-beanbag-1.5.2.jar:/home/kiquetal/.m2/repository/javax/inject/javax.inject/1/javax.inject-1.jar:/home/kiquetal/.m2/repository/org/apache/maven/maven-artifact/3.9.9/maven-artifact-3.9.9.jar:/home/kiquetal/.m2/repository/org/apache/maven/maven-builder-support/3.9.9/maven-builder-support-3.9.9.jar:/home/kiquetal/.m2/repository/org/apache/maven/maven-model/3.9.9/maven-model-3.9.9.jar:/home/kiquetal/.m2/repository/org/apache/maven/maven-model-builder/3.9.9/maven-model-builder-3.9.9.jar:/home/kiquetal/.m2/repository/org/apache/maven/maven-repository-metadata/3.9.9/maven-repository-metadata-3.9.9.jar:/home/kiquetal/.m2/repository/org/apache/maven/maven-settings/3.9.9/maven-settings-3.9.9.jar:/home/kiquetal/.m2/repository/org/apache/maven/resolver/maven-resolver-api/1.9.22/maven-resolver-api-1.9.22.jar:/home/kiquetal/.m2/repository/org/apache/maven/resolver/maven-resolver-impl/1.9.22/maven-resolver-impl-1.9.22.jar:/home/kiquetal/.m2/repository/org/apache/maven/resolver/maven-resolver-named-locks/1.9.22/maven-resolver-named-locks-1.9.22.jar:/home/kiquetal/.m2/repository/org/apache/maven/resolver/maven-resolver-spi/1.9.22/maven-resolver-spi-1.9.22.jar:/home/kiquetal/.m2/repository/org/apache/maven/resolver/maven-resolver-util/1.9.22/maven-resolver-util-1.9.22.jar:/home/kiquetal/.m2/repository/org/apache/maven/resolver/maven-resolver-transport-http/1.9.20/maven-resolver-transport-http-1.9.20.jar:/home/kiquetal/.m2/repository/org/apache/maven/wagon/wagon-provider-api/3.5.3/wagon-provider-api-3.5.3.jar:/home/kiquetal/.m2/repository/org/apache/maven/wagon/wagon-http-shared/3.5.3/wagon-http-shared-3.5.3.jar:/home/kiquetal/.m2/repository/org/codehaus/plexus/plexus-interpolation/1.26/plexus-interpolation-1.26.jar:/home/kiquetal/.m2/repository/org/codehaus/plexus/plexus-utils/3.5.1/plexus-utils-3.5.1.jar:/home/kiquetal/.m2/repository/org/codehaus/plexus/plexus-xml/4.0.1/plexus-xml-4.0.1.jar:/home/kiquetal/.m2/repository/org/apache/maven/maven-xml-impl/4.0.0-alpha-5/maven-xml-impl-4.0.0-alpha-5.jar:/home/kiquetal/.m2/repository/org/apache/maven/maven-api-xml/4.0.0-alpha-5/maven-api-xml-4.0.0-alpha-5.jar:/home/kiquetal/.m2/repository/org/apache/maven/maven-api-meta/4.0.0-alpha-5/maven-api-meta-4.0.0-alpha-5.jar:/home/kiquetal/.m2/repository/org/codehaus/plexus/plexus-cipher/2.0/plexus-cipher-2.0.jar:/home/kiquetal/.m2/repository/org/codehaus/plexus/plexus-sec-dispatcher/2.0/plexus-sec-dispatcher-2.0.jar:/home/kiquetal/.m2/repository/org/apache/maven/maven-embedder/3.9.9/maven-embedder-3.9.9.jar:/home/kiquetal/.m2/repository/org/apache/maven/maven-core/3.9.9/maven-core-3.9.9.jar:/home/kiquetal/.m2/repository/org/codehaus/plexus/plexus-component-annotations/2.1.0/plexus-component-annotations-2.1.0.jar:/home/kiquetal/.m2/repository/org/apache/maven/maven-plugin-api/3.9.9/maven-plugin-api-3.9.9.jar:/home/kiquetal/.m2/repository/org/apache/maven/shared/maven-shared-utils/3.4.2/maven-shared-utils-3.4.2.jar:/home/kiquetal/.m2/repository/com/google/inject/guice/5.1.0/guice-5.1.0.jar:/home/kiquetal/.m2/repository/aopalliance/aopalliance/1.0/aopalliance-1.0.jar:/home/kiquetal/.m2/repository/com/google/guava/guava/33.4.0-jre/guava-33.4.0-jre.jar:/home/kiquetal/.m2/repository/com/google/guava/failureaccess/1.0.1/failureaccess-1.0.1.jar:/home/kiquetal/.m2/repository/javax/annotation/javax.annotation-api/1.3.2/javax.annotation-api-1.3.2.jar:/home/kiquetal/.m2/repository/org/codehaus/plexus/plexus-classworlds/2.6.0/plexus-classworlds-2.6.0.jar:/home/kiquetal/.m2/repository/commons-cli/commons-cli/1.8.0/commons-cli-1.8.0.jar:/home/kiquetal/.m2/repository/org/eclipse/sisu/org.eclipse.sisu.plexus/0.9.0.M3/org.eclipse.sisu.plexus-0.9.0.M3.jar:/home/kiquetal/.m2/repository/org/apache/maven/maven-settings-builder/3.9.9/maven-settings-builder-3.9.9.jar:/home/kiquetal/.m2/repository/org/apache/maven/maven-resolver-provider/3.9.9/maven-resolver-provider-3.9.9.jar:/home/kiquetal/.m2/repository/org/apache/maven/resolver/maven-resolver-connector-basic/1.9.22/maven-resolver-connector-basic-1.9.22.jar:/home/kiquetal/.m2/repository/org/apache/maven/resolver/maven-resolver-transport-wagon/1.9.22/maven-resolver-transport-wagon-1.9.22.jar:/home/kiquetal/.m2/repository/org/apache/maven/wagon/wagon-http/3.5.3/wagon-http-3.5.3.jar:/home/kiquetal/.m2/repository/org/apache/maven/wagon/wagon-file/3.5.3/wagon-file-3.5.3.jar:/home/kiquetal/.m2/repository/io/quarkus/quarkus-bootstrap-gradle-resolver/3.19.3/quarkus-bootstrap-gradle-resolver-3.19.3.jar:/home/kiquetal/.m2/repository/io/smallrye/jandex/3.2.7/jandex-3.2.7.jar:/home/kiquetal/.m2/repository/commons-io/commons-io/2.18.0/commons-io-2.18.0.jar:/home/kiquetal/.m2/repository/org/jboss/logging/commons-logging-jboss-logging/1.0.0.Final/commons-logging-jboss-logging-1.0.0.Final.jar:/home/kiquetal/.m2/repository/io/quarkus/quarkus-junit5-config/3.19.3/quarkus-junit5-config-3.19.3.jar:/home/kiquetal/.m2/repository/org/junit/jupiter/junit-jupiter-api/5.10.5/junit-jupiter-api-5.10.5.jar:/home/kiquetal/.m2/repository/org/opentest4j/opentest4j/1.3.0/opentest4j-1.3.0.jar:/home/kiquetal/.m2/repository/org/junit/platform/junit-platform-commons/1.10.5/junit-platform-commons-1.10.5.jar:/home/kiquetal/.m2/repository/org/apiguardian/apiguardian-api/1.1.2/apiguardian-api-1.1.2.jar:/home/kiquetal/.m2/repository/io/smallrye/config/smallrye-config/3.11.4/smallrye-config-3.11.4.jar:/home/kiquetal/.m2/repository/io/smallrye/config/smallrye-config-core/3.11.4/smallrye-config-core-3.11.4.jar:/home/kiquetal/.m2/repository/org/eclipse/microprofile/config/microprofile-config-api/3.1/microprofile-config-api-3.1.jar:/home/kiquetal/.m2/repository/io/smallrye/common/smallrye-common-classloader/2.10.0/smallrye-common-classloader-2.10.0.jar:/home/kiquetal/.m2/repository/io/smallrye/config/smallrye-config-common/3.11.4/smallrye-config-common-3.11.4.jar:/home/kiquetal/.m2/repository/org/junit/jupiter/junit-jupiter/5.10.5/junit-jupiter-5.10.5.jar:/home/kiquetal/.m2/repository/org/junit/jupiter/junit-jupiter-params/5.10.5/junit-jupiter-params-5.10.5.jar:/home/kiquetal/.m2/repository/org/junit/jupiter/junit-jupiter-engine/5.10.5/junit-jupiter-engine-5.10.5.jar:/home/kiquetal/.m2/repository/org/junit/platform/junit-platform-engine/1.10.5/junit-platform-engine-1.10.5.jar:/home/kiquetal/.m2/repository/io/quarkus/quarkus-core/3.19.3/quarkus-core-3.19.3.jar:/home/kiquetal/.m2/repository/jakarta/annotation/jakarta.annotation-api/3.0.0/jakarta.annotation-api-3.0.0.jar:/home/kiquetal/.m2/repository/jakarta/enterprise/jakarta.enterprise.cdi-api/4.1.0/jakarta.enterprise.cdi-api-4.1.0.jar:/home/kiquetal/.m2/repository/jakarta/enterprise/jakarta.enterprise.lang-model/4.1.0/jakarta.enterprise.lang-model-4.1.0.jar:/home/kiquetal/.m2/repository/jakarta/el/jakarta.el-api/5.0.1/jakarta.el-api-5.0.1.jar:/home/kiquetal/.m2/repository/jakarta/interceptor/jakarta.interceptor-api/2.2.0/jakarta.interceptor-api-2.2.0.jar:/home/kiquetal/.m2/repository/jakarta/inject/jakarta.inject-api/2.0.1/jakarta.inject-api-2.0.1.jar:/home/kiquetal/.m2/repository/io/smallrye/common/smallrye-common-os/2.10.0/smallrye-common-os-2.10.0.jar:/home/kiquetal/.m2/repository/io/quarkus/quarkus-ide-launcher/3.19.3/quarkus-ide-launcher-3.19.3.jar:/home/kiquetal/.m2/repository/io/quarkus/quarkus-development-mode-spi/3.19.3/quarkus-development-mode-spi-3.19.3.jar:/home/kiquetal/.m2/repository/org/jboss/logging/jboss-logging/3.6.1.Final/jboss-logging-3.6.1.Final.jar:/home/kiquetal/.m2/repository/org/jboss/logmanager/jboss-logmanager/3.1.1.Final/jboss-logmanager-3.1.1.Final.jar:/home/kiquetal/.m2/repository/io/smallrye/common/smallrye-common-constraint/2.10.0/smallrye-common-constraint-2.10.0.jar:/home/kiquetal/.m2/repository/io/smallrye/common/smallrye-common-cpu/2.10.0/smallrye-common-cpu-2.10.0.jar:/home/kiquetal/.m2/repository/io/smallrye/common/smallrye-common-expression/2.10.0/smallrye-common-expression-2.10.0.jar:/home/kiquetal/.m2/repository/io/smallrye/common/smallrye-common-net/2.10.0/smallrye-common-net-2.10.0.jar:/home/kiquetal/.m2/repository/io/smallrye/common/smallrye-common-ref/2.10.0/smallrye-common-ref-2.10.0.jar:/home/kiquetal/.m2/repository/jakarta/json/jakarta.json-api/2.1.3/jakarta.json-api-2.1.3.jar:/home/kiquetal/.m2/repository/org/eclipse/parsson/parsson/1.1.7/parsson-1.1.7.jar:/home/kiquetal/.m2/repository/org/jboss/logging/jboss-logging-annotations/3.0.4.Final/jboss-logging-annotations-3.0.4.Final.jar:/home/kiquetal/.m2/repository/org/jboss/threads/jboss-threads/3.8.0.Final/jboss-threads-3.8.0.Final.jar:/home/kiquetal/.m2/repository/io/smallrye/common/smallrye-common-annotation/2.10.0/smallrye-common-annotation-2.10.0.jar:/home/kiquetal/.m2/repository/io/smallrye/common/smallrye-common-function/2.10.0/smallrye-common-function-2.10.0.jar:/home/kiquetal/.m2/repository/org/slf4j/slf4j-api/2.0.6/slf4j-api-2.0.6.jar:/home/kiquetal/.m2/repository/org/jboss/slf4j/slf4j-jboss-logmanager/2.0.0.Final/slf4j-jboss-logmanager-2.0.0.Final.jar:/home/kiquetal/.m2/repository/org/wildfly/common/wildfly-common/2.0.1/wildfly-common-2.0.1.jar:/home/kiquetal/.m2/repository/io/quarkus/quarkus-bootstrap-runner/3.19.3/quarkus-bootstrap-runner-3.19.3.jar:/home/kiquetal/.m2/repository/io/github/crac/org-crac/0.1.3/org-crac-0.1.3.jar:/home/kiquetal/.m2/repository/io/quarkus/quarkus-fs-util/0.0.10/quarkus-fs-util-0.0.10.jar:/home/kiquetal/.m2/repository/org/jboss/marshalling/jboss-marshalling/2.2.2.Final/jboss-marshalling-2.2.2.Final.jar:"/>
    <property name="sun.cpu.endian" value="little"/>
    <property name="user.home" value="/home/kiquetal"/>
    <property name="user.language" value="en"/>
    <property name="jboss.log-version" value="false"/>
    <property name="java.specification.vendor" value="Oracle Corporation"/>
    <property name="java.version.date" value="2025-01-21"/>
    <property name="java.home" value="/home/kiquetal/.sdkman/candidates/java/23.0.2-graalce"/>
    <property name="file.separator" value="/"/>
    <property name="basedir" value="/mydata/codes/2025/lambda-quarkus-native"/>
    <property name="java.vm.compressedOopsMode" value="Zero based"/>
    <property name="jdk.internal.vm.ci.enabled" value="true"/>
    <property name="line.separator" value="&#10;"/>
    <property name="java.vm.specification.vendor" value="Oracle Corporation"/>
    <property name="java.specification.name" value="Java Platform API Specification"/>
    <property name="surefire.real.class.path" value="/mydata/codes/2025/lambda-quarkus-native/target/surefire/surefirebooter-20250319125350472_3.jar"/>
    <property name="sun.management.compiler" value="HotSpot 64-Bit Tiered Compilers"/>
    <property name="java.runtime.version" value="23.0.2+7-jvmci-b01"/>
    <property name="user.name" value="kiquetal"/>
    <property name="stdout.encoding" value="UTF-8"/>
    <property name="path.separator" value=":"/>
    <property name="os.version" value="6.9.3-76060903-generic"/>
    <property name="java.runtime.name" value="OpenJDK Runtime Environment"/>
    <property name="file.encoding" value="UTF-8"/>
    <property name="java.vm.name" value="OpenJDK 64-Bit Server VM"/>
    <property name="java.vendor.version" value="GraalVM CE 23.0.2+7.1"/>
    <property name="localRepository" value="/home/kiquetal/.m2/repository"/>
    <property name="java.vendor.url.bug" value="https://github.com/oracle/graal/issues"/>
    <property name="java.io.tmpdir" value="/tmp"/>
    <property name="quarkus.log.file.path" value="target/quarkus.log"/>
    <property name="java.version" value="23.0.2"/>
    <property name="java.util.concurrent.ForkJoinPool.common.threadFactory" value="io.quarkus.bootstrap.forkjoin.QuarkusForkJoinWorkerThreadFactory"/>
    <property name="user.dir" value="/mydata/codes/2025/lambda-quarkus-native"/>
    <property name="os.arch" value="amd64"/>
    <property name="java.vm.specification.name" value="Java Virtual Machine Specification"/>
    <property name="com.amazonaws.xray.traceHeader" value="5884a442-d583-4c13-baac-fb07bcd449e7"/>
    <property name="native.encoding" value="UTF-8"/>
    <property name="java.util.logging.manager" value="org.jboss.logmanager.LogManager"/>
    <property name="java.library.path" value="/home/kiquetal/.wasmedge/lib:/usr/java/packages/lib:/usr/lib64:/lib64:/lib:/usr/lib"/>
    <property name="jdk.console" value="java.base"/>
    <property name="java.vm.info" value="mixed mode, sharing"/>
    <property name="stderr.encoding" value="UTF-8"/>
    <property name="java.vendor" value="GraalVM Community"/>
    <property name="java.vm.version" value="23.0.2+7-jvmci-b01"/>
    <property name="sun.io.unicode.encoding" value="UnicodeLittle"/>
    <property name="java.class.version" value="67.0"/>
  </properties>
  <testcase name="testSimpleLambdaSuccess" classname="cresterida.LambdaHandlerTest" time="3.166">
    <system-out><![CDATA[2025-03-19 12:53:56,691 INFO  [io.qua.ama.lam.run.MockEventServer] (build-21) Mock Lambda Event Server Started
2025-03-19 12:53:58,443 INFO  [io.qua.ama.lam.run.AbstractLambdaPollLoop] (Lambda Thread (TEST)) Listening on: http://localhost:8081/_lambda_/2018-06-01/runtime/invocation/next
2025-03-19 12:53:58,475 INFO  [io.quarkus] (main) lambda-quarkus-native 1.0-SNAPSHOT on JVM (powered by Quarkus 3.19.3) started in 3.584s. 
2025-03-19 12:53:58,476 INFO  [io.quarkus] (main) Profile test activated. 
2025-03-19 12:53:58,477 INFO  [io.quarkus] (main) Installed features: [amazon-lambda, cdi]
2025-03-19 12:54:01,571 INFO  [cre.ProcessingService] (Lambda Thread (TEST)) Received request to greet Stu
]]></system-out>
  </testcase>
</testsuite>